<?xml version="1.0" encoding="UTF-8"?>
<testsuite name="qa.homework.FirstHomework" tests="1" skipped="0" failures="0" errors="0" timestamp="2023-07-23T22:29:56" hostname="DESKTOP-8SN70IQ" time="3.415">
  <properties/>
  <testcase name="fillFormTest()" classname="qa.homework.FirstHomework" time="3.415"/>
  <system-out><![CDATA[]]></system-out>
  <system-err><![CDATA[SLF4J: No SLF4J providers were found.
SLF4J: Defaulting to no-operation (NOP) logger implementation
SLF4J: See https://www.slf4j.org/codes.html#noProviders for further details.
июл. 24, 2023 1:29:56 AM org.openqa.selenium.remote.service.DriverService$Builder getLogOutput
INFO: Driver logs no longer sent to console by default; https://www.selenium.dev/documentation/webdriver/drivers/service/#setting-log-output
июл. 24, 2023 1:29:57 AM org.openqa.selenium.devtools.CdpVersionFinder findNearestMatch
WARNING: Unable to find an exact match for CDP version 115, so returning the closest version found: 114
]]></system-err>
</testsuite>
